<?xml version="1.0" encoding="UTF-8" ?>
<testsuite tests="4" failures="0" name="PizzaBarFuntionalTests" time="3.058" errors="0" skipped="0">
  <properties>
[...]
</properties>
  <testcase classname="PizzaBarFuntionalTests" name="getInitialPageTest" time="2.326"/>
  <testcase classname="PizzaBarFuntionalTests" name="viewOrders" time="0.282"/>
  <testcase classname="PizzaBarFuntionalTests" name="deleteOrder" time="0.337"/>
  <testcase classname="PizzaBarFuntionalTests" name="placeOrder" time="0.113"/>
</testsuite>